--------------- Build Started: 05/12/2025 10:53:18 Project: Design01_Copy_01_Copy_01_Copy_01, Configuration: ARM GCC 5.4-2016-q2-update Debug ---------------
cydsfit.exe -.appdatapath "C:\Users\admin\AppData\Local\Cypress Semiconductor\PSoC Creator\4.4" -.fdsnotice -.fdswarpdepfile=warp_dependencies.txt -.fdselabdepfile=elab_dependencies.txt -.fdsbldfile=generated_files.txt -.fdsreffile=referenced_files.txt -p "C:\Users\admin\Documents\PSoC Creator\Workspace01\Design01_Copy_01_Copy_01_Copy_01.cydsn\Design01_Copy_01_Copy_01_Copy_01.cyprj" -d CY8C4245AXI-483 -s "C:\Users\admin\Documents\PSoC Creator\Workspace01\Design01_Copy_01_Copy_01_Copy_01.cydsn\Generated_Source\PSoC4" -- -yv2 -q10 -ygs -o2 -v3 -.fftcfgtype=LE
Elaborating Design...
HDL Generation...
Synthesis...
Tech Mapping...
Analog Placement...
Analog Routing...
Analog Code Generation...
Digital Placement...
Digital Routing...
Bitstream Generation...
Bitstream Verification...
Static timing analysis...
API Generation...
Dependency Generation...
Cleanup...
arm-none-eabi-gcc.exe -mcpu=cortex-m0 -mthumb -I. -IGenerated_Source\PSoC4 -Wa,-alh=.\CortexM0\ARM_GCC_541\Debug/main.lst -g -D DEBUG -D CY_CORE_ID=0 -Wall -ffunction-sections -ffat-lto-objects -Og -c main.c -o .\CortexM0\ARM_GCC_541\Debug\main.o
main.c: In function 'main':
main.c:186:9: warning: unused variable 'last_state' [-Wunused-variable]
 uint8_t last_state = 12;
         ^
main.c: At top level:
main.c:52:16: warning: 'NAME' defined but not used [-Wunused-variable]
 static uint8_t NAME[] = {
                ^
main.c:121:13: warning: 'initMatrix' defined but not used [-Wunused-function]
 static void initMatrix()
             ^
main.c:129:13: warning: 'readMatrix' defined but not used [-Wunused-function]
 static void readMatrix()
             ^
arm-none-eabi-gcc.exe -mcpu=cortex-m0 -mthumb -I. -IGenerated_Source\PSoC4 -Wa,-alh=.\CortexM0\ARM_GCC_541\Debug/Timer_1.lst -g -D DEBUG -D CY_CORE_ID=0 -Wall -ffunction-sections -ffat-lto-objects -Og -c Generated_Source\PSoC4\Timer_1.c -o .\CortexM0\ARM_GCC_541\Debug\Timer_1.o
arm-none-eabi-gcc.exe -mcpu=cortex-m0 -mthumb -I. -IGenerated_Source\PSoC4 -Wa,-alh=.\CortexM0\ARM_GCC_541\Debug/Timer_1_PM.lst -g -D DEBUG -D CY_CORE_ID=0 -Wall -ffunction-sections -ffat-lto-objects -Og -c Generated_Source\PSoC4\Timer_1_PM.c -o .\CortexM0\ARM_GCC_541\Debug\Timer_1_PM.o
arm-none-eabi-ar.exe -rs .\CortexM0\ARM_GCC_541\Debug\Design01_Copy_01_Copy_01_Copy_01.a .\CortexM0\ARM_GCC_541\Debug\Button.o .\CortexM0\ARM_GCC_541\Debug\Button_PM.o .\CortexM0\ARM_GCC_541\Debug\CyFlash.o .\CortexM0\ARM_GCC_541\Debug\CyLib.o .\CortexM0\ARM_GCC_541\Debug\cyPm.o .\CortexM0\ARM_GCC_541\Debug\cyutils.o .\CortexM0\ARM_GCC_541\Debug\CyLFClk.o .\CortexM0\ARM_GCC_541\Debug\cy_em_eeprom.o .\CortexM0\ARM_GCC_541\Debug\LED_B.o .\CortexM0\ARM_GCC_541\Debug\LED_B_PM.o .\CortexM0\ARM_GCC_541\Debug\LED_G.o .\CortexM0\ARM_GCC_541\Debug\LED_G_PM.o .\CortexM0\ARM_GCC_541\Debug\LED_R.o .\CortexM0\ARM_GCC_541\Debug\LED_R_PM.o .\CortexM0\ARM_GCC_541\Debug\COLUMN_0.o .\CortexM0\ARM_GCC_541\Debug\COLUMN_0_PM.o .\CortexM0\ARM_GCC_541\Debug\COLUMN_1.o .\CortexM0\ARM_GCC_541\Debug\COLUMN_1_PM.o .\CortexM0\ARM_GCC_541\Debug\COLUMN_2.o .\CortexM0\ARM_GCC_541\Debug\COLUMN_2_PM.o .\CortexM0\ARM_GCC_541\Debug\ROW_0.o .\CortexM0\ARM_GCC_541\Debug\ROW_0_PM.o .\CortexM0\ARM_GCC_541\Debug\ROW_1.o .\CortexM0\ARM_GCC_541\Debug\ROW_1_PM.o .\CortexM0\ARM_GCC_541\Debug\ROW_3.o .\CortexM0\ARM_GCC_541\Debug\ROW_3_PM.o .\CortexM0\ARM_GCC_541\Debug\ROW_2.o .\CortexM0\ARM_GCC_541\Debug\ROW_2_PM.o .\CortexM0\ARM_GCC_541\Debug\SW_Tx_UART.o .\CortexM0\ARM_GCC_541\Debug\Pin_Latch.o .\CortexM0\ARM_GCC_541\Debug\Pin_Latch_PM.o .\CortexM0\ARM_GCC_541\Debug\Pin_CLK.o .\CortexM0\ARM_GCC_541\Debug\Pin_CLK_PM.o .\CortexM0\ARM_GCC_541\Debug\Pin_DO.o .\CortexM0\ARM_GCC_541\Debug\Pin_DO_PM.o .\CortexM0\ARM_GCC_541\Debug\Timer_1.o .\CortexM0\ARM_GCC_541\Debug\Timer_1_PM.o .\CortexM0\ARM_GCC_541\Debug\Timer_Int.o .\CortexM0\ARM_GCC_541\Debug\CyBootAsmGnu.o .\CortexM0\ARM_GCC_541\Debug\SW_Tx_UART_AsmGnu.o
arm-none-eabi-ar.exe: creating .\CortexM0\ARM_GCC_541\Debug\Design01_Copy_01_Copy_01_Copy_01.a
arm-none-eabi-gcc.exe -Wl,--start-group -o "C:\Users\admin\Documents\PSoC Creator\Workspace01\Design01_Copy_01_Copy_01_Copy_01.cydsn\CortexM0\ARM_GCC_541\Debug\Design01_Copy_01_Copy_01_Copy_01.elf" .\CortexM0\ARM_GCC_541\Debug\main.o .\CortexM0\ARM_GCC_541\Debug\cyfitter_cfg.o .\CortexM0\ARM_GCC_541\Debug\cymetadata.o .\CortexM0\ARM_GCC_541\Debug\Cm0Start.o .\CortexM0\ARM_GCC_541\Debug\Design01_Copy_01_Copy_01_Copy_01.a -mcpu=cortex-m0 -mthumb -L Generated_Source\PSoC4 -Wl,-Map,.\CortexM0\ARM_GCC_541\Debug/Design01_Copy_01_Copy_01_Copy_01.map -T Generated_Source\PSoC4\cm0gcc.ld -specs=nano.specs -Wl,--gc-sections -g -ffunction-sections -Og -ffat-lto-objects -Wl,--end-group
cyelftool.exe -C "C:\Users\admin\Documents\PSoC Creator\Workspace01\Design01_Copy_01_Copy_01_Copy_01.cydsn\CortexM0\ARM_GCC_541\Debug\Design01_Copy_01_Copy_01_Copy_01.elf" --flash_row_size 128 --flash_size 32768 --flash_offset 0x00000000
No ELF section .cychecksum found, creating one
Application checksum calculated and stored in ELF section .cychecksum
Checksum calculated and stored in ELF section .cymeta
cyelftool.exe -S "C:\Users\admin\Documents\PSoC Creator\Workspace01\Design01_Copy_01_Copy_01_Copy_01.cydsn\CortexM0\ARM_GCC_541\Debug\Design01_Copy_01_Copy_01_Copy_01.elf"
Flash used: 2806 of 32768 bytes (8,6%).
SRAM used: 1544 of 4096 bytes (37,7%). Stack: 1024 bytes. Heap: 128 bytes.
--------------- Build Succeeded: 05/12/2025 10:53:34 ---------------
